<?xml version="1.0" encoding="UTF-8"?>
<testng-results ignored="0" total="2" passed="2" failed="0" skipped="0">
  <reporter-output>
  </reporter-output>
  <suite started-at="2024-04-02T12:52:39 IST" name="Suite" finished-at="2024-04-02T12:52:46 IST" duration-ms="6992">
    <groups>
    </groups>
    <test started-at="2024-04-02T12:52:39 IST" name="Test" finished-at="2024-04-02T12:52:46 IST" duration-ms="6992">
      <class name="test_package.TestClass">
        <test-method is-config="true" signature="before_suite()[pri:0, instance:test_package.TestClass@156b88f5]" started-at="2024-04-02T12:52:36 IST" name="before_suite" finished-at="2024-04-02T12:52:39 IST" duration-ms="3287" status="PASS">
          <reporter-output>
          </reporter-output>
        </test-method> <!-- before_suite -->
        <test-method is-config="true" signature="beforeTest()[pri:0, instance:test_package.TestClass@156b88f5]" started-at="2024-04-02T12:52:39 IST" name="beforeTest" finished-at="2024-04-02T12:52:39 IST" duration-ms="1" status="PASS">
          <reporter-output>
          </reporter-output>
        </test-method> <!-- beforeTest -->
        <test-method signature="verifyLogin(java.lang.String,java.lang.String)[pri:0, instance:test_package.TestClass@156b88f5]" started-at="2024-04-02T12:52:39 IST" name="verifyLogin" finished-at="2024-04-02T12:52:46 IST" duration-ms="6625" status="PASS">
          <params>
            <param index="0">
              <value>
                <![CDATA[standard_user]]>
              </value>
            </param>
            <param index="1">
              <value>
                <![CDATA[secret_sauce]]>
              </value>
            </param>
          </params>
          <reporter-output>
          </reporter-output>
        </test-method> <!-- verifyLogin -->
        <test-method signature="addVerifyItemInCart()[pri:0, instance:test_package.TestClass@156b88f5]" started-at="2024-04-02T12:52:46 IST" name="addVerifyItemInCart" finished-at="2024-04-02T12:52:46 IST" depends-on-methods="test_package.TestClass.verifyLogin" duration-ms="184" status="PASS">
          <reporter-output>
          </reporter-output>
        </test-method> <!-- addVerifyItemInCart -->
        <test-method is-config="true" signature="afterTest()[pri:0, instance:test_package.TestClass@156b88f5]" started-at="2024-04-02T12:52:46 IST" name="afterTest" finished-at="2024-04-02T12:52:46 IST" duration-ms="136" status="PASS">
          <reporter-output>
          </reporter-output>
        </test-method> <!-- afterTest -->
      </class> <!-- test_package.TestClass -->
    </test> <!-- Test -->
  </suite> <!-- Suite -->
</testng-results>
